<?xml version="1.0" encoding="UTF-8"?>
<testsuite name="com.mathpar.polynom.gbasis.algorithms.SNLESolverTest" time="0.431" tests="11" errors="0" skipped="1" failures="0">
  <properties>
[...]
</properties>
  <testcase name="elementsMapEquals" classname="com.mathpar.polynom.gbasis.algorithms.SNLESolverTest" time="0"/>
  <testcase name="should_return_the_rest_of_the_system_if_there_is_no_onevar_polynomials" classname="com.mathpar.polynom.gbasis.algorithms.SNLESolverTest" time="0">
    <skipped message="Not ready."/>
  </testcase>
  <testcase name="example01" classname="com.mathpar.polynom.gbasis.algorithms.SNLESolverTest" time="0.02"/>
  <testcase name="example02" classname="com.mathpar.polynom.gbasis.algorithms.SNLESolverTest" time="0.028"/>
  <testcase name="example03" classname="com.mathpar.polynom.gbasis.algorithms.SNLESolverTest" time="0.039"/>
  <testcase name="example04" classname="com.mathpar.polynom.gbasis.algorithms.SNLESolverTest" time="0.073"/>
  <testcase name="example05" classname="com.mathpar.polynom.gbasis.algorithms.SNLESolverTest" time="0.081"/>
  <testcase name="example06" classname="com.mathpar.polynom.gbasis.algorithms.SNLESolverTest" time="0.165"/>
  <testcase name="example07" classname="com.mathpar.polynom.gbasis.algorithms.SNLESolverTest" time="0.015"/>
  <testcase name="example08" classname="com.mathpar.polynom.gbasis.algorithms.SNLESolverTest" time="0.01"/>
  <testcase name="elementsMapNotEquals" classname="com.mathpar.polynom.gbasis.algorithms.SNLESolverTest" time="0"/>
</testsuite>